<?xml version="1.0" encoding="UTF-8"?>
<testng-results skipped="0" failed="0" ignored="0" total="3" passed="3">
  <reporter-output>
  </reporter-output>
  <suite name="Suite" duration-ms="64033" started-at="2017-12-09T13:29:56Z" finished-at="2017-12-09T13:31:00Z">
    <groups>
    </groups>
    <test name="FirefoxTest" duration-ms="64033" started-at="2017-12-09T13:29:56Z" finished-at="2017-12-09T13:31:00Z">
      <class name="TestVagrant.Hotels.SignInTest2">
        <test-method status="PASS" signature="initialize()[pri:0, instance:TestVagrant.Hotels.SignInTest2@29ee9faa]" name="initialize" is-config="true" duration-ms="4550" started-at="2017-12-09T18:59:56Z" finished-at="2017-12-09T19:00:01Z">
          <reporter-output>
          </reporter-output>
        </test-method> <!-- initialize -->
        <test-method status="PASS" signature="shouldThrowAnErrorIfSignInDetailsAreMissing()[pri:0, instance:TestVagrant.Hotels.SignInTest2@29ee9faa]" name="shouldThrowAnErrorIfSignInDetailsAreMissing" duration-ms="19367" started-at="2017-12-09T19:00:01Z" finished-at="2017-12-09T19:00:20Z">
          <reporter-output>
          </reporter-output>
        </test-method> <!-- shouldThrowAnErrorIfSignInDetailsAreMissing -->
      </class> <!-- TestVagrant.Hotels.SignInTest2 -->
      <class name="TestVagrant.Hotels.FlightBookingTest2">
        <test-method status="PASS" signature="initialize()[pri:0, instance:TestVagrant.Hotels.FlightBookingTest2@c038203]" name="initialize" is-config="true" duration-ms="1903" started-at="2017-12-09T19:00:20Z" finished-at="2017-12-09T19:00:22Z">
          <reporter-output>
          </reporter-output>
        </test-method> <!-- initialize -->
        <test-method status="PASS" signature="testThatResultsAppearForAOneWayJourney()[pri:0, instance:TestVagrant.Hotels.FlightBookingTest2@c038203]" name="testThatResultsAppearForAOneWayJourney" duration-ms="19226" started-at="2017-12-09T19:00:22Z" finished-at="2017-12-09T19:00:41Z">
          <reporter-output>
          </reporter-output>
        </test-method> <!-- testThatResultsAppearForAOneWayJourney -->
      </class> <!-- TestVagrant.Hotels.FlightBookingTest2 -->
      <class name="TestVagrant.Hotels.HotelBookingTest2">
        <test-method status="PASS" signature="initialize()[pri:0, instance:TestVagrant.Hotels.HotelBookingTest2@cc285f4]" name="initialize" is-config="true" duration-ms="2287" started-at="2017-12-09T19:00:41Z" finished-at="2017-12-09T19:00:44Z">
          <reporter-output>
          </reporter-output>
        </test-method> <!-- initialize -->
        <test-method status="PASS" signature="shouldBeAbleToSearchForHotels()[pri:0, instance:TestVagrant.Hotels.HotelBookingTest2@cc285f4]" name="shouldBeAbleToSearchForHotels" duration-ms="16673" started-at="2017-12-09T19:00:44Z" finished-at="2017-12-09T19:01:00Z">
          <reporter-output>
          </reporter-output>
        </test-method> <!-- shouldBeAbleToSearchForHotels -->
      </class> <!-- TestVagrant.Hotels.HotelBookingTest2 -->
    </test> <!-- FirefoxTest -->
  </suite> <!-- Suite -->
</testng-results>
