<?xml version="1.0" encoding="UTF-8"?>
<!-- Generated by org.testng.reporters.JUnitXMLReporter -->
<testsuite hostname="VIJAYHK-PC" ignored="0" name="FirefoxTest" tests="3" failures="0" timestamp="09 Dec 2017 13:31:00 GMT" time="64.033" errors="0">
  <testcase name="shouldThrowAnErrorIfSignInDetailsAreMissing" time="19.367" classname="TestVagrant.Hotels.SignInTest2"/>
  <testcase name="testThatResultsAppearForAOneWayJourney" time="19.226" classname="TestVagrant.Hotels.FlightBookingTest2"/>
  <testcase name="shouldBeAbleToSearchForHotels" time="16.673" classname="TestVagrant.Hotels.HotelBookingTest2"/>
</testsuite> <!-- FirefoxTest -->
